03-Sep-2015 05:53:38.102 INFO [main] org.apache.catalina.startup.VersionLoggerListener.log Server version:        Apache Tomcat/8.0.26
03-Sep-2015 05:53:38.104 INFO [main] org.apache.catalina.startup.VersionLoggerListener.log Server built:          Aug 18 2015 11:38:37 UTC
03-Sep-2015 05:53:38.104 INFO [main] org.apache.catalina.startup.VersionLoggerListener.log Server number:         8.0.26.0
03-Sep-2015 05:53:38.104 INFO [main] org.apache.catalina.startup.VersionLoggerListener.log OS Name:               Windows 7
03-Sep-2015 05:53:38.105 INFO [main] org.apache.catalina.startup.VersionLoggerListener.log OS Version:            6.1
03-Sep-2015 05:53:38.105 INFO [main] org.apache.catalina.startup.VersionLoggerListener.log Architecture:          x86
03-Sep-2015 05:53:38.105 INFO [main] org.apache.catalina.startup.VersionLoggerListener.log Java Home:             C:\Program Files\Java\jdk1.7.0_21\jre
03-Sep-2015 05:53:38.106 INFO [main] org.apache.catalina.startup.VersionLoggerListener.log JVM Version:           1.7.0_21-b11
03-Sep-2015 05:53:38.106 INFO [main] org.apache.catalina.startup.VersionLoggerListener.log JVM Vendor:            Oracle Corporation
03-Sep-2015 05:53:38.106 INFO [main] org.apache.catalina.startup.VersionLoggerListener.log CATALINA_BASE:         C:\Program Files\Apache Software\apache-tomcat-8.0.26
03-Sep-2015 05:53:38.106 INFO [main] org.apache.catalina.startup.VersionLoggerListener.log CATALINA_HOME:         C:\Program Files\Apache Software\apache-tomcat-8.0.26
03-Sep-2015 05:53:38.107 INFO [main] org.apache.catalina.startup.VersionLoggerListener.log Command line argument: -Djava.util.logging.config.file=C:\Program Files\Apache Software\apache-tomcat-8.0.26\conf\logging.properties
03-Sep-2015 05:53:38.107 INFO [main] org.apache.catalina.startup.VersionLoggerListener.log Command line argument: -Djava.util.logging.manager=org.apache.juli.ClassLoaderLogManager
03-Sep-2015 05:53:38.108 INFO [main] org.apache.catalina.startup.VersionLoggerListener.log Command line argument: -Djava.endorsed.dirs=C:\Program Files\Apache Software\apache-tomcat-8.0.26\endorsed
03-Sep-2015 05:53:38.111 INFO [main] org.apache.catalina.startup.VersionLoggerListener.log Command line argument: -Dcatalina.base=C:\Program Files\Apache Software\apache-tomcat-8.0.26
03-Sep-2015 05:53:38.112 INFO [main] org.apache.catalina.startup.VersionLoggerListener.log Command line argument: -Dcatalina.home=C:\Program Files\Apache Software\apache-tomcat-8.0.26
03-Sep-2015 05:53:38.114 INFO [main] org.apache.catalina.startup.VersionLoggerListener.log Command line argument: -Djava.io.tmpdir=C:\Program Files\Apache Software\apache-tomcat-8.0.26\temp
03-Sep-2015 05:53:38.115 INFO [main] org.apache.catalina.core.AprLifecycleListener.lifecycleEvent Loaded APR based Apache Tomcat Native library 1.1.33 using APR version 1.5.1.
03-Sep-2015 05:53:38.116 INFO [main] org.apache.catalina.core.AprLifecycleListener.lifecycleEvent APR capabilities: IPv6 [true], sendfile [true], accept filters [false], random [true].
03-Sep-2015 05:53:39.257 INFO [main] org.apache.catalina.core.AprLifecycleListener.initializeSSL OpenSSL successfully initialized (OpenSSL 1.0.1m 19 Mar 2015)
03-Sep-2015 05:53:39.372 INFO [main] org.apache.coyote.AbstractProtocol.init Initializing ProtocolHandler ["http-apr-8080"]
03-Sep-2015 05:53:39.384 INFO [main] org.apache.coyote.AbstractProtocol.init Initializing ProtocolHandler ["ajp-apr-8009"]
03-Sep-2015 05:53:39.386 INFO [main] org.apache.catalina.startup.Catalina.load Initialization processed in 1690 ms
03-Sep-2015 05:53:39.411 INFO [main] org.apache.catalina.core.StandardService.startInternal Starting service Catalina
03-Sep-2015 05:53:39.411 INFO [main] org.apache.catalina.core.StandardEngine.startInternal Starting Servlet Engine: Apache Tomcat/8.0.26
03-Sep-2015 05:53:39.428 INFO [localhost-startStop-1] org.apache.catalina.startup.HostConfig.deployDirectory Deploying web application directory C:\Program Files\Apache Software\apache-tomcat-8.0.26\webapps\docs
03-Sep-2015 05:53:39.751 INFO [localhost-startStop-1] org.apache.catalina.startup.HostConfig.deployDirectory Deployment of web application directory C:\Program Files\Apache Software\apache-tomcat-8.0.26\webapps\docs has finished in 323 ms
03-Sep-2015 05:53:39.752 INFO [localhost-startStop-1] org.apache.catalina.startup.HostConfig.deployDirectory Deploying web application directory C:\Program Files\Apache Software\apache-tomcat-8.0.26\webapps\examples
03-Sep-2015 05:53:40.205 INFO [localhost-startStop-1] org.apache.catalina.startup.HostConfig.deployDirectory Deployment of web application directory C:\Program Files\Apache Software\apache-tomcat-8.0.26\webapps\examples has finished in 453 ms
03-Sep-2015 05:53:40.205 INFO [localhost-startStop-1] org.apache.catalina.startup.HostConfig.deployDirectory Deploying web application directory C:\Program Files\Apache Software\apache-tomcat-8.0.26\webapps\host-manager
03-Sep-2015 05:53:40.253 INFO [localhost-startStop-1] org.apache.catalina.startup.HostConfig.deployDirectory Deployment of web application directory C:\Program Files\Apache Software\apache-tomcat-8.0.26\webapps\host-manager has finished in 48 ms
03-Sep-2015 05:53:40.257 INFO [localhost-startStop-1] org.apache.catalina.startup.HostConfig.deployDirectory Deploying web application directory C:\Program Files\Apache Software\apache-tomcat-8.0.26\webapps\manager
03-Sep-2015 05:53:40.297 INFO [localhost-startStop-1] org.apache.catalina.startup.HostConfig.deployDirectory Deployment of web application directory C:\Program Files\Apache Software\apache-tomcat-8.0.26\webapps\manager has finished in 40 ms
03-Sep-2015 05:53:40.298 INFO [localhost-startStop-1] org.apache.catalina.startup.HostConfig.deployDirectory Deploying web application directory C:\Program Files\Apache Software\apache-tomcat-8.0.26\webapps\ROOT
03-Sep-2015 05:53:40.400 INFO [localhost-startStop-1] org.apache.catalina.startup.HostConfig.deployDirectory Deployment of web application directory C:\Program Files\Apache Software\apache-tomcat-8.0.26\webapps\ROOT has finished in 102 ms
03-Sep-2015 05:53:40.412 INFO [main] org.apache.coyote.AbstractProtocol.start Starting ProtocolHandler ["http-apr-8080"]
03-Sep-2015 05:53:40.421 INFO [main] org.apache.coyote.AbstractProtocol.start Starting ProtocolHandler ["ajp-apr-8009"]
03-Sep-2015 05:53:40.433 INFO [main] org.apache.catalina.startup.Catalina.start Server startup in 1046 ms
03-Sep-2015 13:03:19.885 INFO [Thread-3] org.apache.coyote.AbstractProtocol.pause Pausing ProtocolHandler ["http-apr-8080"]
03-Sep-2015 13:03:20.037 INFO [Thread-3] org.apache.coyote.AbstractProtocol.pause Pausing ProtocolHandler ["ajp-apr-8009"]
03-Sep-2015 13:03:20.088 INFO [Thread-3] org.apache.catalina.core.StandardService.stopInternal Stopping service Catalina
03-Sep-2015 13:03:20.307 INFO [Thread-3] org.apache.coyote.AbstractProtocol.stop Stopping ProtocolHandler ["http-apr-8080"]
03-Sep-2015 13:03:20.387 INFO [Thread-3] org.apache.coyote.AbstractProtocol.stop Stopping ProtocolHandler ["ajp-apr-8009"]
03-Sep-2015 13:03:20.439 INFO [Thread-3] org.apache.coyote.AbstractProtocol.destroy Destroying ProtocolHandler ["http-apr-8080"]
03-Sep-2015 13:03:20.439 INFO [Thread-3] org.apache.coyote.AbstractProtocol.destroy Destroying ProtocolHandler ["ajp-apr-8009"]
03-Sep-2015 13:03:26.931 INFO [main] org.apache.catalina.startup.VersionLoggerListener.log Server version:        Apache Tomcat/8.0.26
03-Sep-2015 13:03:26.933 INFO [main] org.apache.catalina.startup.VersionLoggerListener.log Server built:          Aug 18 2015 11:38:37 UTC
03-Sep-2015 13:03:26.933 INFO [main] org.apache.catalina.startup.VersionLoggerListener.log Server number:         8.0.26.0
03-Sep-2015 13:03:26.934 INFO [main] org.apache.catalina.startup.VersionLoggerListener.log OS Name:               Windows 7
03-Sep-2015 13:03:26.934 INFO [main] org.apache.catalina.startup.VersionLoggerListener.log OS Version:            6.1
03-Sep-2015 13:03:26.934 INFO [main] org.apache.catalina.startup.VersionLoggerListener.log Architecture:          x86
03-Sep-2015 13:03:26.934 INFO [main] org.apache.catalina.startup.VersionLoggerListener.log Java Home:             C:\Program Files\Java\jdk1.7.0_21\jre
03-Sep-2015 13:03:26.935 INFO [main] org.apache.catalina.startup.VersionLoggerListener.log JVM Version:           1.7.0_21-b11
03-Sep-2015 13:03:26.935 INFO [main] org.apache.catalina.startup.VersionLoggerListener.log JVM Vendor:            Oracle Corporation
03-Sep-2015 13:03:26.935 INFO [main] org.apache.catalina.startup.VersionLoggerListener.log CATALINA_BASE:         C:\Program Files\Apache Software\apache-tomcat-8.0.26
03-Sep-2015 13:03:26.935 INFO [main] org.apache.catalina.startup.VersionLoggerListener.log CATALINA_HOME:         C:\Program Files\Apache Software\apache-tomcat-8.0.26
03-Sep-2015 13:03:26.936 INFO [main] org.apache.catalina.startup.VersionLoggerListener.log Command line argument: -Djava.util.logging.config.file=C:\Program Files\Apache Software\apache-tomcat-8.0.26\conf\logging.properties
03-Sep-2015 13:03:26.936 INFO [main] org.apache.catalina.startup.VersionLoggerListener.log Command line argument: -Djava.util.logging.manager=org.apache.juli.ClassLoaderLogManager
03-Sep-2015 13:03:26.937 INFO [main] org.apache.catalina.startup.VersionLoggerListener.log Command line argument: -Djava.endorsed.dirs=C:\Program Files\Apache Software\apache-tomcat-8.0.26\endorsed
03-Sep-2015 13:03:26.939 INFO [main] org.apache.catalina.startup.VersionLoggerListener.log Command line argument: -Dcatalina.base=C:\Program Files\Apache Software\apache-tomcat-8.0.26
03-Sep-2015 13:03:26.940 INFO [main] org.apache.catalina.startup.VersionLoggerListener.log Command line argument: -Dcatalina.home=C:\Program Files\Apache Software\apache-tomcat-8.0.26
03-Sep-2015 13:03:26.941 INFO [main] org.apache.catalina.startup.VersionLoggerListener.log Command line argument: -Djava.io.tmpdir=C:\Program Files\Apache Software\apache-tomcat-8.0.26\temp
03-Sep-2015 13:03:26.942 INFO [main] org.apache.catalina.core.AprLifecycleListener.lifecycleEvent Loaded APR based Apache Tomcat Native library 1.1.33 using APR version 1.5.1.
03-Sep-2015 13:03:26.943 INFO [main] org.apache.catalina.core.AprLifecycleListener.lifecycleEvent APR capabilities: IPv6 [true], sendfile [true], accept filters [false], random [true].
03-Sep-2015 13:03:28.171 INFO [main] org.apache.catalina.core.AprLifecycleListener.initializeSSL OpenSSL successfully initialized (OpenSSL 1.0.1m 19 Mar 2015)
03-Sep-2015 13:03:28.283 INFO [main] org.apache.coyote.AbstractProtocol.init Initializing ProtocolHandler ["http-apr-8080"]
03-Sep-2015 13:03:28.294 INFO [main] org.apache.coyote.AbstractProtocol.init Initializing ProtocolHandler ["ajp-apr-8009"]
03-Sep-2015 13:03:28.296 INFO [main] org.apache.catalina.startup.Catalina.load Initialization processed in 1739 ms
03-Sep-2015 13:03:28.320 INFO [main] org.apache.catalina.core.StandardService.startInternal Starting service Catalina
03-Sep-2015 13:03:28.320 INFO [main] org.apache.catalina.core.StandardEngine.startInternal Starting Servlet Engine: Apache Tomcat/8.0.26
03-Sep-2015 13:03:28.331 INFO [localhost-startStop-1] org.apache.catalina.startup.HostConfig.deployDirectory Deploying web application directory C:\Program Files\Apache Software\apache-tomcat-8.0.26\webapps\docs
03-Sep-2015 13:03:28.633 INFO [localhost-startStop-1] org.apache.catalina.startup.HostConfig.deployDirectory Deployment of web application directory C:\Program Files\Apache Software\apache-tomcat-8.0.26\webapps\docs has finished in 302 ms
03-Sep-2015 13:03:28.634 INFO [localhost-startStop-1] org.apache.catalina.startup.HostConfig.deployDirectory Deploying web application directory C:\Program Files\Apache Software\apache-tomcat-8.0.26\webapps\examples
03-Sep-2015 13:03:29.051 INFO [localhost-startStop-1] org.apache.catalina.startup.HostConfig.deployDirectory Deployment of web application directory C:\Program Files\Apache Software\apache-tomcat-8.0.26\webapps\examples has finished in 417 ms
03-Sep-2015 13:03:29.052 INFO [localhost-startStop-1] org.apache.catalina.startup.HostConfig.deployDirectory Deploying web application directory C:\Program Files\Apache Software\apache-tomcat-8.0.26\webapps\host-manager
03-Sep-2015 13:03:29.090 INFO [localhost-startStop-1] org.apache.catalina.startup.HostConfig.deployDirectory Deployment of web application directory C:\Program Files\Apache Software\apache-tomcat-8.0.26\webapps\host-manager has finished in 39 ms
03-Sep-2015 13:03:29.090 INFO [localhost-startStop-1] org.apache.catalina.startup.HostConfig.deployDirectory Deploying web application directory C:\Program Files\Apache Software\apache-tomcat-8.0.26\webapps\manager
03-Sep-2015 13:03:29.126 INFO [localhost-startStop-1] org.apache.catalina.startup.HostConfig.deployDirectory Deployment of web application directory C:\Program Files\Apache Software\apache-tomcat-8.0.26\webapps\manager has finished in 36 ms
03-Sep-2015 13:03:29.126 INFO [localhost-startStop-1] org.apache.catalina.startup.HostConfig.deployDirectory Deploying web application directory C:\Program Files\Apache Software\apache-tomcat-8.0.26\webapps\ROOT
03-Sep-2015 13:03:29.213 INFO [localhost-startStop-1] org.apache.catalina.startup.HostConfig.deployDirectory Deployment of web application directory C:\Program Files\Apache Software\apache-tomcat-8.0.26\webapps\ROOT has finished in 87 ms
03-Sep-2015 13:03:29.216 INFO [main] org.apache.coyote.AbstractProtocol.start Starting ProtocolHandler ["http-apr-8080"]
03-Sep-2015 13:03:29.224 INFO [main] org.apache.coyote.AbstractProtocol.start Starting ProtocolHandler ["ajp-apr-8009"]
03-Sep-2015 13:03:29.226 INFO [main] org.apache.catalina.startup.Catalina.start Server startup in 929 ms
03-Sep-2015 14:56:32.710 INFO [Thread-3] org.apache.coyote.AbstractProtocol.pause Pausing ProtocolHandler ["http-apr-8080"]
03-Sep-2015 14:56:32.769 INFO [Thread-3] org.apache.coyote.AbstractProtocol.pause Pausing ProtocolHandler ["ajp-apr-8009"]
03-Sep-2015 14:56:32.821 INFO [Thread-3] org.apache.catalina.core.StandardService.stopInternal Stopping service Catalina
03-Sep-2015 14:56:32.915 INFO [Thread-3] org.apache.coyote.AbstractProtocol.stop Stopping ProtocolHandler ["http-apr-8080"]
03-Sep-2015 14:56:32.968 INFO [Thread-3] org.apache.coyote.AbstractProtocol.stop Stopping ProtocolHandler ["ajp-apr-8009"]
03-Sep-2015 14:56:33.020 INFO [Thread-3] org.apache.coyote.AbstractProtocol.destroy Destroying ProtocolHandler ["http-apr-8080"]
03-Sep-2015 14:56:33.021 INFO [Thread-3] org.apache.coyote.AbstractProtocol.destroy Destroying ProtocolHandler ["ajp-apr-8009"]
03-Sep-2015 15:11:23.569 INFO [main] org.apache.catalina.startup.VersionLoggerListener.log Server version:        Apache Tomcat/8.0.26
03-Sep-2015 15:11:23.571 INFO [main] org.apache.catalina.startup.VersionLoggerListener.log Server built:          Aug 18 2015 11:38:37 UTC
03-Sep-2015 15:11:23.571 INFO [main] org.apache.catalina.startup.VersionLoggerListener.log Server number:         8.0.26.0
03-Sep-2015 15:11:23.571 INFO [main] org.apache.catalina.startup.VersionLoggerListener.log OS Name:               Windows 7
03-Sep-2015 15:11:23.572 INFO [main] org.apache.catalina.startup.VersionLoggerListener.log OS Version:            6.1
03-Sep-2015 15:11:23.572 INFO [main] org.apache.catalina.startup.VersionLoggerListener.log Architecture:          x86
03-Sep-2015 15:11:23.572 INFO [main] org.apache.catalina.startup.VersionLoggerListener.log Java Home:             C:\Program Files\Java\jdk1.7.0_21\jre
03-Sep-2015 15:11:23.572 INFO [main] org.apache.catalina.startup.VersionLoggerListener.log JVM Version:           1.7.0_21-b11
03-Sep-2015 15:11:23.573 INFO [main] org.apache.catalina.startup.VersionLoggerListener.log JVM Vendor:            Oracle Corporation
03-Sep-2015 15:11:23.573 INFO [main] org.apache.catalina.startup.VersionLoggerListener.log CATALINA_BASE:         C:\Program Files\Apache Software\apache-tomcat-8.0.26
03-Sep-2015 15:11:23.573 INFO [main] org.apache.catalina.startup.VersionLoggerListener.log CATALINA_HOME:         C:\Program Files\Apache Software\apache-tomcat-8.0.26
03-Sep-2015 15:11:23.574 INFO [main] org.apache.catalina.startup.VersionLoggerListener.log Command line argument: -Djava.util.logging.config.file=C:\Program Files\Apache Software\apache-tomcat-8.0.26\conf\logging.properties
03-Sep-2015 15:11:23.574 INFO [main] org.apache.catalina.startup.VersionLoggerListener.log Command line argument: -Djava.util.logging.manager=org.apache.juli.ClassLoaderLogManager
03-Sep-2015 15:11:23.575 INFO [main] org.apache.catalina.startup.VersionLoggerListener.log Command line argument: -Djava.endorsed.dirs=C:\Program Files\Apache Software\apache-tomcat-8.0.26\endorsed
03-Sep-2015 15:11:23.576 INFO [main] org.apache.catalina.startup.VersionLoggerListener.log Command line argument: -Dcatalina.base=C:\Program Files\Apache Software\apache-tomcat-8.0.26
03-Sep-2015 15:11:23.578 INFO [main] org.apache.catalina.startup.VersionLoggerListener.log Command line argument: -Dcatalina.home=C:\Program Files\Apache Software\apache-tomcat-8.0.26
03-Sep-2015 15:11:23.579 INFO [main] org.apache.catalina.startup.VersionLoggerListener.log Command line argument: -Djava.io.tmpdir=C:\Program Files\Apache Software\apache-tomcat-8.0.26\temp
03-Sep-2015 15:11:23.580 INFO [main] org.apache.catalina.core.AprLifecycleListener.lifecycleEvent Loaded APR based Apache Tomcat Native library 1.1.33 using APR version 1.5.1.
03-Sep-2015 15:11:23.582 INFO [main] org.apache.catalina.core.AprLifecycleListener.lifecycleEvent APR capabilities: IPv6 [true], sendfile [true], accept filters [false], random [true].
03-Sep-2015 15:11:24.689 INFO [main] org.apache.catalina.core.AprLifecycleListener.initializeSSL OpenSSL successfully initialized (OpenSSL 1.0.1m 19 Mar 2015)
03-Sep-2015 15:11:24.808 INFO [main] org.apache.coyote.AbstractProtocol.init Initializing ProtocolHandler ["http-apr-8080"]
03-Sep-2015 15:11:24.818 INFO [main] org.apache.coyote.AbstractProtocol.init Initializing ProtocolHandler ["ajp-apr-8009"]
03-Sep-2015 15:11:24.820 INFO [main] org.apache.catalina.startup.Catalina.load Initialization processed in 1649 ms
03-Sep-2015 15:11:24.845 INFO [main] org.apache.catalina.core.StandardService.startInternal Starting service Catalina
03-Sep-2015 15:11:24.845 INFO [main] org.apache.catalina.core.StandardEngine.startInternal Starting Servlet Engine: Apache Tomcat/8.0.26
03-Sep-2015 15:11:24.857 INFO [localhost-startStop-1] org.apache.catalina.startup.HostConfig.deployDirectory Deploying web application directory C:\Program Files\Apache Software\apache-tomcat-8.0.26\webapps\docs
03-Sep-2015 15:11:25.176 INFO [localhost-startStop-1] org.apache.catalina.startup.HostConfig.deployDirectory Deployment of web application directory C:\Program Files\Apache Software\apache-tomcat-8.0.26\webapps\docs has finished in 320 ms
03-Sep-2015 15:11:25.177 INFO [localhost-startStop-1] org.apache.catalina.startup.HostConfig.deployDirectory Deploying web application directory C:\Program Files\Apache Software\apache-tomcat-8.0.26\webapps\examples
03-Sep-2015 15:11:25.595 INFO [localhost-startStop-1] org.apache.catalina.startup.HostConfig.deployDirectory Deployment of web application directory C:\Program Files\Apache Software\apache-tomcat-8.0.26\webapps\examples has finished in 418 ms
03-Sep-2015 15:11:25.596 INFO [localhost-startStop-1] org.apache.catalina.startup.HostConfig.deployDirectory Deploying web application directory C:\Program Files\Apache Software\apache-tomcat-8.0.26\webapps\host-manager
03-Sep-2015 15:11:25.635 INFO [localhost-startStop-1] org.apache.catalina.startup.HostConfig.deployDirectory Deployment of web application directory C:\Program Files\Apache Software\apache-tomcat-8.0.26\webapps\host-manager has finished in 40 ms
03-Sep-2015 15:11:25.636 INFO [localhost-startStop-1] org.apache.catalina.startup.HostConfig.deployDirectory Deploying web application directory C:\Program Files\Apache Software\apache-tomcat-8.0.26\webapps\manager
03-Sep-2015 15:11:25.676 INFO [localhost-startStop-1] org.apache.catalina.startup.HostConfig.deployDirectory Deployment of web application directory C:\Program Files\Apache Software\apache-tomcat-8.0.26\webapps\manager has finished in 40 ms
03-Sep-2015 15:11:25.677 INFO [localhost-startStop-1] org.apache.catalina.startup.HostConfig.deployDirectory Deploying web application directory C:\Program Files\Apache Software\apache-tomcat-8.0.26\webapps\ROOT
03-Sep-2015 15:11:25.763 INFO [localhost-startStop-1] org.apache.catalina.startup.HostConfig.deployDirectory Deployment of web application directory C:\Program Files\Apache Software\apache-tomcat-8.0.26\webapps\ROOT has finished in 87 ms
03-Sep-2015 15:11:25.767 INFO [main] org.apache.coyote.AbstractProtocol.start Starting ProtocolHandler ["http-apr-8080"]
03-Sep-2015 15:11:25.776 INFO [main] org.apache.coyote.AbstractProtocol.start Starting ProtocolHandler ["ajp-apr-8009"]
03-Sep-2015 15:11:25.778 INFO [main] org.apache.catalina.startup.Catalina.start Server startup in 957 ms
03-Sep-2015 15:26:14.873 INFO [Thread-3] org.apache.coyote.AbstractProtocol.pause Pausing ProtocolHandler ["http-apr-8080"]
03-Sep-2015 15:26:14.933 INFO [Thread-3] org.apache.coyote.AbstractProtocol.pause Pausing ProtocolHandler ["ajp-apr-8009"]
03-Sep-2015 15:26:14.985 INFO [Thread-3] org.apache.catalina.core.StandardService.stopInternal Stopping service Catalina
03-Sep-2015 15:26:15.040 INFO [Thread-3] org.apache.coyote.AbstractProtocol.stop Stopping ProtocolHandler ["http-apr-8080"]
03-Sep-2015 15:26:15.095 INFO [Thread-3] org.apache.coyote.AbstractProtocol.stop Stopping ProtocolHandler ["ajp-apr-8009"]
03-Sep-2015 15:26:15.148 INFO [Thread-3] org.apache.coyote.AbstractProtocol.destroy Destroying ProtocolHandler ["http-apr-8080"]
03-Sep-2015 15:26:15.150 INFO [Thread-3] org.apache.coyote.AbstractProtocol.destroy Destroying ProtocolHandler ["ajp-apr-8009"]
